<?xml version="1.0" encoding="UTF-8"?>
<testng-results ignored="0" total="1" passed="1" failed="0" skipped="0">
  <reporter-output>
  </reporter-output>
  <suite started-at="2022-02-26T01:35:38 IST" name="Default suite" finished-at="2022-02-26T01:35:47 IST" duration-ms="9046">
    <groups>
    </groups>
    <test started-at="2022-02-26T01:35:38 IST" name="Default test" finished-at="2022-02-26T01:35:47 IST" duration-ms="9046">
      <class name="Framework.NewProject.AppTest">
        <test-method is-config="true" signature="StartUp()[pri:0, instance:Framework.NewProject.AppTest@246f8b8b]" started-at="2022-02-26T01:35:38 IST" name="StartUp" finished-at="2022-02-26T01:35:45 IST" duration-ms="6517" status="PASS">
          <reporter-output>
          </reporter-output>
        </test-method> <!-- StartUp -->
        <test-method signature="navigateToAnubhavHomePage()[pri:0, instance:Framework.NewProject.AppTest@246f8b8b]" started-at="2022-02-26T01:35:45 IST" name="navigateToAnubhavHomePage" finished-at="2022-02-26T01:35:47 IST" duration-ms="2435" status="PASS">
          <reporter-output>
          </reporter-output>
        </test-method> <!-- navigateToAnubhavHomePage -->
        <test-method is-config="true" signature="tearDown()[pri:0, instance:Framework.NewProject.AppTest@246f8b8b]" started-at="2022-02-26T01:35:47 IST" name="tearDown" finished-at="2022-02-26T01:35:47 IST" duration-ms="67" status="PASS">
          <reporter-output>
          </reporter-output>
        </test-method> <!-- tearDown -->
      </class> <!-- Framework.NewProject.AppTest -->
    </test> <!-- Default test -->
  </suite> <!-- Default suite -->
</testng-results>
