<?xml version="1.0" encoding="UTF-8"?>
<testng-results ignored="0" total="2" passed="2" failed="0" skipped="0">
  <reporter-output>
  </reporter-output>
  <suite started-at="2022-02-27T01:17:53 IST" name="Suite" finished-at="2022-02-27T01:18:17 IST" duration-ms="24129">
    <groups>
    </groups>
    <test started-at="2022-02-27T01:17:53 IST" name="AppTest" finished-at="2022-02-27T01:18:07 IST" duration-ms="13559">
      <class name="Framework.NewProject.AppTest">
        <test-method is-config="true" signature="StartUp()[pri:0, instance:Framework.NewProject.AppTest@246f8b8b]" started-at="2022-02-27T01:17:53 IST" name="StartUp" finished-at="2022-02-27T01:18:00 IST" duration-ms="6279" status="PASS">
          <reporter-output>
          </reporter-output>
        </test-method> <!-- StartUp -->
        <test-method signature="navigateToAnubhavHomePage()[pri:0, instance:Framework.NewProject.AppTest@246f8b8b]" started-at="2022-02-27T01:18:00 IST" name="navigateToAnubhavHomePage" finished-at="2022-02-27T01:18:07 IST" duration-ms="7144" status="PASS">
          <reporter-output>
          </reporter-output>
        </test-method> <!-- navigateToAnubhavHomePage -->
        <test-method is-config="true" signature="tearDown()[pri:0, instance:Framework.NewProject.AppTest@246f8b8b]" started-at="2022-02-27T01:18:07 IST" name="tearDown" finished-at="2022-02-27T01:18:07 IST" duration-ms="86" status="PASS">
          <reporter-output>
          </reporter-output>
        </test-method> <!-- tearDown -->
      </class> <!-- Framework.NewProject.AppTest -->
    </test> <!-- AppTest -->
    <test started-at="2022-02-27T01:18:07 IST" name="AboutPage" finished-at="2022-02-27T01:18:17 IST" duration-ms="10518">
      <class name="Framework.NewProject.AboutPageTest">
        <test-method is-config="true" signature="StartUp()[pri:0, instance:Framework.NewProject.AboutPageTest@abf688e]" started-at="2022-02-27T01:18:07 IST" name="StartUp" finished-at="2022-02-27T01:18:10 IST" duration-ms="3025" status="PASS">
          <reporter-output>
          </reporter-output>
        </test-method> <!-- StartUp -->
        <test-method signature="navigateToAnubhavHomePage()[pri:0, instance:Framework.NewProject.AboutPageTest@abf688e]" started-at="2022-02-27T01:18:10 IST" name="navigateToAnubhavHomePage" finished-at="2022-02-27T01:18:17 IST" duration-ms="7421" status="PASS">
          <reporter-output>
          </reporter-output>
        </test-method> <!-- navigateToAnubhavHomePage -->
        <test-method is-config="true" signature="tearDown()[pri:0, instance:Framework.NewProject.AboutPageTest@abf688e]" started-at="2022-02-27T01:18:17 IST" name="tearDown" finished-at="2022-02-27T01:18:17 IST" duration-ms="70" status="PASS">
          <reporter-output>
          </reporter-output>
        </test-method> <!-- tearDown -->
      </class> <!-- Framework.NewProject.AboutPageTest -->
    </test> <!-- AboutPage -->
  </suite> <!-- Suite -->
</testng-results>
